mode: set
DoggosPkg/breeds/usecase/breedsUseCase.go:18.102,23.2 1 0
DoggosPkg/breeds/usecase/breedsUseCase.go:25.60,27.16 2 0
DoggosPkg/breeds/usecase/breedsUseCase.go:30.2,30.34 1 0
DoggosPkg/breeds/usecase/breedsUseCase.go:27.16,29.3 1 0
DoggosPkg/breeds/router/breedsRouter.go:18.63,23.2 2 0
DoggosPkg/breeds/router/breedsRouter.go:25.59,27.16 2 0
DoggosPkg/breeds/router/breedsRouter.go:31.2,31.38 1 0
DoggosPkg/breeds/router/breedsRouter.go:27.16,29.3 1 0
DoggosPkg/breeds/usecase/mocks/BreedsUseCase.go:17.61,21.53 3 0
DoggosPkg/breeds/usecase/mocks/BreedsUseCase.go:29.2,30.45 2 0
DoggosPkg/breeds/usecase/mocks/BreedsUseCase.go:36.2,36.15 1 0
DoggosPkg/breeds/usecase/mocks/BreedsUseCase.go:21.53,23.3 1 0
DoggosPkg/breeds/usecase/mocks/BreedsUseCase.go:23.8,24.24 1 0
DoggosPkg/breeds/usecase/mocks/BreedsUseCase.go:24.24,26.4 1 0
DoggosPkg/breeds/usecase/mocks/BreedsUseCase.go:30.45,32.3 1 0
DoggosPkg/breeds/usecase/mocks/BreedsUseCase.go:32.8,34.3 1 0
DoggosPkg/breeds/adapter/breedsMapper.go:15.38,17.2 1 1
DoggosPkg/breeds/adapter/breedsMapper.go:19.75,21.34 2 1
DoggosPkg/breeds/adapter/breedsMapper.go:31.2,31.15 1 1
DoggosPkg/breeds/adapter/breedsMapper.go:21.34,30.3 2 1
DoggosPkg/breeds/adapter/mocks/BreedsMapper.go:19.75,23.76 3 0
DoggosPkg/breeds/adapter/mocks/BreedsMapper.go:31.2,31.11 1 0
DoggosPkg/breeds/adapter/mocks/BreedsMapper.go:23.76,25.3 1 0
DoggosPkg/breeds/adapter/mocks/BreedsMapper.go:25.8,26.24 1 0
DoggosPkg/breeds/adapter/mocks/BreedsMapper.go:26.24,28.4 1 0
DoggosPkg/breeds/usecase/mocks/BreedsUseCase.go:17.61,21.53 3 0
DoggosPkg/breeds/usecase/mocks/BreedsUseCase.go:29.2,30.45 2 0
DoggosPkg/breeds/usecase/mocks/BreedsUseCase.go:36.2,36.15 1 0
DoggosPkg/breeds/usecase/mocks/BreedsUseCase.go:21.53,23.3 1 0
DoggosPkg/breeds/usecase/mocks/BreedsUseCase.go:23.8,24.24 1 0
DoggosPkg/breeds/usecase/mocks/BreedsUseCase.go:24.24,26.4 1 0
DoggosPkg/breeds/usecase/mocks/BreedsUseCase.go:30.45,32.3 1 0
DoggosPkg/breeds/usecase/mocks/BreedsUseCase.go:32.8,34.3 1 0
DoggosPkg/breeds/usecase/breedsUseCase.go:18.102,23.2 1 1
DoggosPkg/breeds/usecase/breedsUseCase.go:25.60,27.16 2 1
DoggosPkg/breeds/usecase/breedsUseCase.go:30.2,30.34 1 1
DoggosPkg/breeds/usecase/breedsUseCase.go:27.16,29.3 1 1
DoggosPkg/breeds/adapter/breedsMapper.go:15.38,17.2 1 1
DoggosPkg/breeds/adapter/breedsMapper.go:19.75,21.34 2 1
DoggosPkg/breeds/adapter/breedsMapper.go:31.2,31.15 1 1
DoggosPkg/breeds/adapter/breedsMapper.go:21.34,30.3 2 1
DoggosPkg/breeds/adapter/mocks/BreedsMapper.go:19.75,23.76 3 0
DoggosPkg/breeds/adapter/mocks/BreedsMapper.go:31.2,31.11 1 0
DoggosPkg/breeds/adapter/mocks/BreedsMapper.go:23.76,25.3 1 0
DoggosPkg/breeds/adapter/mocks/BreedsMapper.go:25.8,26.24 1 0
DoggosPkg/breeds/adapter/mocks/BreedsMapper.go:26.24,28.4 1 0
DoggosPkg/breeds/router/breedsRouter.go:18.63,23.2 2 0
DoggosPkg/breeds/router/breedsRouter.go:25.59,27.16 2 0
DoggosPkg/breeds/router/breedsRouter.go:31.2,31.38 1 0
DoggosPkg/breeds/router/breedsRouter.go:27.16,29.3 1 0
DoggosPkg/breeds/adapter/breedsMapper.go:15.38,17.2 1 0
DoggosPkg/breeds/adapter/breedsMapper.go:19.75,21.34 2 0
DoggosPkg/breeds/adapter/breedsMapper.go:31.2,31.15 1 0
DoggosPkg/breeds/adapter/breedsMapper.go:21.34,30.3 2 0
DoggosPkg/breeds/adapter/mocks/BreedsMapper.go:19.75,23.76 3 0
DoggosPkg/breeds/adapter/mocks/BreedsMapper.go:31.2,31.11 1 0
DoggosPkg/breeds/adapter/mocks/BreedsMapper.go:23.76,25.3 1 0
DoggosPkg/breeds/adapter/mocks/BreedsMapper.go:25.8,26.24 1 0
DoggosPkg/breeds/adapter/mocks/BreedsMapper.go:26.24,28.4 1 0
DoggosPkg/breeds/usecase/breedsUseCase.go:18.102,23.2 1 0
DoggosPkg/breeds/usecase/breedsUseCase.go:25.60,27.16 2 0
DoggosPkg/breeds/usecase/breedsUseCase.go:30.2,30.34 1 0
DoggosPkg/breeds/usecase/breedsUseCase.go:27.16,29.3 1 0
DoggosPkg/breeds/usecase/mocks/BreedsUseCase.go:17.61,21.53 3 1
DoggosPkg/breeds/usecase/mocks/BreedsUseCase.go:29.2,30.45 2 1
DoggosPkg/breeds/usecase/mocks/BreedsUseCase.go:36.2,36.15 1 1
DoggosPkg/breeds/usecase/mocks/BreedsUseCase.go:21.53,23.3 1 0
DoggosPkg/breeds/usecase/mocks/BreedsUseCase.go:23.8,24.24 1 1
DoggosPkg/breeds/usecase/mocks/BreedsUseCase.go:24.24,26.4 1 1
DoggosPkg/breeds/usecase/mocks/BreedsUseCase.go:30.45,32.3 1 0
DoggosPkg/breeds/usecase/mocks/BreedsUseCase.go:32.8,34.3 1 1
DoggosPkg/breeds/router/breedsRouter.go:18.63,23.2 2 1
DoggosPkg/breeds/router/breedsRouter.go:25.59,27.16 2 1
DoggosPkg/breeds/router/breedsRouter.go:31.2,31.38 1 1
DoggosPkg/breeds/router/breedsRouter.go:27.16,29.3 1 1
